TN:
SF:linkedList.js
FN:2,(anonymous_0)
FN:7,(anonymous_1)
FN:13,(anonymous_2)
FN:21,(anonymous_3)
FN:26,(anonymous_4)
FN:35,(anonymous_5)
FN:48,(anonymous_6)
FN:54,(anonymous_7)
FNF:8
FNH:7
FNDA:8,(anonymous_0)
FNDA:17,(anonymous_1)
FNDA:4,(anonymous_2)
FNDA:1,(anonymous_3)
FNDA:5,(anonymous_4)
FNDA:0,(anonymous_5)
FNDA:18,(anonymous_6)
FNDA:7,(anonymous_7)
DA:3,8
DA:4,8
DA:8,17
DA:9,17
DA:10,17
DA:14,4
DA:15,3
DA:16,3
DA:17,1
DA:18,1
DA:22,1
DA:23,1
DA:27,5
DA:28,1
DA:29,1
DA:30,0
DA:32,1
DA:36,0
DA:37,0
DA:38,0
DA:39,0
DA:40,0
DA:42,0
DA:43,0
DA:49,18
DA:50,18
DA:54,1
DA:55,7
DA:56,7
DA:57,14
DA:59,7
DA:62,1
LF:32
LH:24
BRDA:14,0,0,1
BRDA:14,0,1,3
BRDA:16,1,0,2
BRDA:16,1,1,1
BRDA:27,2,0,4
BRDA:27,2,1,1
BRDA:27,3,0,5
BRDA:27,3,1,3
BRF:8
BRH:8
end_of_record
